find_executable: checking for pg_config... -------------------- yes

--------------------

find_header: checking for libpq-fe.h... -------------------- yes

"/usr/bin/clang -o conftest -I/usr/local/Cellar/ruby/1.9.3-p125/include/ruby-1.9.1/x86_64-darwin11.3.0 -I/usr/local/Cellar/ruby/1.9.3-p125/include/ruby-1.9.1/ruby/backward -I/usr/local/Cellar/ruby/1.9.3-p125/include/ruby-1.9.1 -I. -I/usr/local/Cellar/readline/6.2.2/include -D_XOPEN_SOURCE -D_DARWIN_C_SOURCE  -I/usr/local/Cellar/readline/6.2.2/include -I/usr/include -Os -w -pipe -march=native -Qunused-arguments -fno-common conftest.c  -L. -L/usr/local/Cellar/ruby/1.9.3-p125/lib -L. -L/usr/local/Cellar/readline/6.2.2/lib -L/usr/local/lib -L/usr/lib     -lruby.1.9.1  -lpthread -ldl -lobjc "
checked program was:
/* begin */
1: #include "ruby.h"
2: 
3: int main() {return 0;}
/* end */

"/usr/bin/clang -E -I/usr/local/Cellar/ruby/1.9.3-p125/include/ruby-1.9.1/x86_64-darwin11.3.0 -I/usr/local/Cellar/ruby/1.9.3-p125/include/ruby-1.9.1/ruby/backward -I/usr/local/Cellar/ruby/1.9.3-p125/include/ruby-1.9.1 -I. -I/usr/local/Cellar/readline/6.2.2/include -D_XOPEN_SOURCE -D_DARWIN_C_SOURCE  -I/usr/local/Cellar/readline/6.2.2/include -I/usr/include -Os -w -pipe -march=native -Qunused-arguments -fno-common  conftest.c -o conftest.i"
checked program was:
/* begin */
1: #include "ruby.h"
2: 
3: #include <libpq-fe.h>
/* end */

--------------------

find_header: checking for libpq/libpq-fs.h... -------------------- yes

"/usr/bin/clang -E -I/usr/local/Cellar/ruby/1.9.3-p125/include/ruby-1.9.1/x86_64-darwin11.3.0 -I/usr/local/Cellar/ruby/1.9.3-p125/include/ruby-1.9.1/ruby/backward -I/usr/local/Cellar/ruby/1.9.3-p125/include/ruby-1.9.1 -I. -I/usr/local/Cellar/readline/6.2.2/include -D_XOPEN_SOURCE -D_DARWIN_C_SOURCE  -I/usr/local/Cellar/readline/6.2.2/include -I/usr/include -Os -w -pipe -march=native -Qunused-arguments -fno-common  conftest.c -o conftest.i"
checked program was:
/* begin */
1: #include "ruby.h"
2: 
3: #include <libpq/libpq-fs.h>
/* end */

--------------------

find_header: checking for pg_config_manual.h... -------------------- yes

"/usr/bin/clang -E -I/usr/local/Cellar/ruby/1.9.3-p125/include/ruby-1.9.1/x86_64-darwin11.3.0 -I/usr/local/Cellar/ruby/1.9.3-p125/include/ruby-1.9.1/ruby/backward -I/usr/local/Cellar/ruby/1.9.3-p125/include/ruby-1.9.1 -I. -I/usr/local/Cellar/readline/6.2.2/include -D_XOPEN_SOURCE -D_DARWIN_C_SOURCE  -I/usr/local/Cellar/readline/6.2.2/include -I/usr/include -Os -w -pipe -march=native -Qunused-arguments -fno-common  conftest.c -o conftest.i"
checked program was:
/* begin */
1: #include "ruby.h"
2: 
3: #include <pg_config_manual.h>
/* end */

--------------------

have_library: checking for PQconnectdb() in -lpq... -------------------- yes

"/usr/bin/clang -o conftest -I/usr/local/Cellar/ruby/1.9.3-p125/include/ruby-1.9.1/x86_64-darwin11.3.0 -I/usr/local/Cellar/ruby/1.9.3-p125/include/ruby-1.9.1/ruby/backward -I/usr/local/Cellar/ruby/1.9.3-p125/include/ruby-1.9.1 -I. -I/usr/local/Cellar/readline/6.2.2/include -D_XOPEN_SOURCE -D_DARWIN_C_SOURCE  -I/usr/local/Cellar/readline/6.2.2/include -I/usr/include -Os -w -pipe -march=native -Qunused-arguments -fno-common conftest.c  -L. -L/usr/local/Cellar/ruby/1.9.3-p125/lib -L. -L/usr/local/Cellar/readline/6.2.2/lib -L/usr/local/lib -L/usr/lib     -lruby.1.9.1 -lpq  -lpthread -ldl -lobjc "
checked program was:
/* begin */
1: #include "ruby.h"
2: 
3: #include <libpq-fe.h>
4: 
5: /*top*/
6: int main() {return 0;}
7: int t() { void ((*volatile p)()); p = (void ((*)()))PQconnectdb; return 0; }
/* end */

--------------------

have_func: checking for PQconnectionUsedPassword()... -------------------- yes

"/usr/bin/clang -o conftest -I/usr/local/Cellar/ruby/1.9.3-p125/include/ruby-1.9.1/x86_64-darwin11.3.0 -I/usr/local/Cellar/ruby/1.9.3-p125/include/ruby-1.9.1/ruby/backward -I/usr/local/Cellar/ruby/1.9.3-p125/include/ruby-1.9.1 -I. -I/usr/local/Cellar/readline/6.2.2/include -D_XOPEN_SOURCE -D_DARWIN_C_SOURCE  -I/usr/local/Cellar/readline/6.2.2/include -I/usr/include -Os -w -pipe -march=native -Qunused-arguments -fno-common conftest.c  -L. -L/usr/local/Cellar/ruby/1.9.3-p125/lib -L. -L/usr/local/Cellar/readline/6.2.2/lib -L/usr/local/lib -L/usr/lib    -lpq  -lruby.1.9.1 -lpq  -lpthread -ldl -lobjc "
conftest.c:5:53: error: use of undeclared identifier 'PQconnectionUsedPassword'
int t() { void ((*volatile p)()); p = (void ((*)()))PQconnectionUsedPassword; return 0; }
                                                    ^
1 error generated.
checked program was:
/* begin */
1: #include "ruby.h"
2: 
3: /*top*/
4: int main() {return 0;}
5: int t() { void ((*volatile p)()); p = (void ((*)()))PQconnectionUsedPassword; return 0; }
/* end */

"/usr/bin/clang -o conftest -I/usr/local/Cellar/ruby/1.9.3-p125/include/ruby-1.9.1/x86_64-darwin11.3.0 -I/usr/local/Cellar/ruby/1.9.3-p125/include/ruby-1.9.1/ruby/backward -I/usr/local/Cellar/ruby/1.9.3-p125/include/ruby-1.9.1 -I. -I/usr/local/Cellar/readline/6.2.2/include -D_XOPEN_SOURCE -D_DARWIN_C_SOURCE  -I/usr/local/Cellar/readline/6.2.2/include -I/usr/include -Os -w -pipe -march=native -Qunused-arguments -fno-common conftest.c  -L. -L/usr/local/Cellar/ruby/1.9.3-p125/lib -L. -L/usr/local/Cellar/readline/6.2.2/lib -L/usr/local/lib -L/usr/lib    -lpq  -lruby.1.9.1 -lpq  -lpthread -ldl -lobjc "
checked program was:
/* begin */
1: #include "ruby.h"
2: 
3: /*top*/
4: int main() {return 0;}
5: int t() { PQconnectionUsedPassword(); return 0; }
/* end */

--------------------

have_func: checking for PQisthreadsafe()... -------------------- yes

"/usr/bin/clang -o conftest -I/usr/local/Cellar/ruby/1.9.3-p125/include/ruby-1.9.1/x86_64-darwin11.3.0 -I/usr/local/Cellar/ruby/1.9.3-p125/include/ruby-1.9.1/ruby/backward -I/usr/local/Cellar/ruby/1.9.3-p125/include/ruby-1.9.1 -I. -I/usr/local/Cellar/readline/6.2.2/include -D_XOPEN_SOURCE -D_DARWIN_C_SOURCE  -I/usr/local/Cellar/readline/6.2.2/include -I/usr/include -Os -w -pipe -march=native -Qunused-arguments -fno-common conftest.c  -L. -L/usr/local/Cellar/ruby/1.9.3-p125/lib -L. -L/usr/local/Cellar/readline/6.2.2/lib -L/usr/local/lib -L/usr/lib    -lpq  -lruby.1.9.1 -lpq  -lpthread -ldl -lobjc "
conftest.c:5:53: error: use of undeclared identifier 'PQisthreadsafe'
int t() { void ((*volatile p)()); p = (void ((*)()))PQisthreadsafe; return 0; }
                                                    ^
1 error generated.
checked program was:
/* begin */
1: #include "ruby.h"
2: 
3: /*top*/
4: int main() {return 0;}
5: int t() { void ((*volatile p)()); p = (void ((*)()))PQisthreadsafe; return 0; }
/* end */

"/usr/bin/clang -o conftest -I/usr/local/Cellar/ruby/1.9.3-p125/include/ruby-1.9.1/x86_64-darwin11.3.0 -I/usr/local/Cellar/ruby/1.9.3-p125/include/ruby-1.9.1/ruby/backward -I/usr/local/Cellar/ruby/1.9.3-p125/include/ruby-1.9.1 -I. -I/usr/local/Cellar/readline/6.2.2/include -D_XOPEN_SOURCE -D_DARWIN_C_SOURCE  -I/usr/local/Cellar/readline/6.2.2/include -I/usr/include -Os -w -pipe -march=native -Qunused-arguments -fno-common conftest.c  -L. -L/usr/local/Cellar/ruby/1.9.3-p125/lib -L. -L/usr/local/Cellar/readline/6.2.2/lib -L/usr/local/lib -L/usr/lib    -lpq  -lruby.1.9.1 -lpq  -lpthread -ldl -lobjc "
checked program was:
/* begin */
1: #include "ruby.h"
2: 
3: /*top*/
4: int main() {return 0;}
5: int t() { PQisthreadsafe(); return 0; }
/* end */

--------------------

have_func: checking for PQprepare()... -------------------- yes

"/usr/bin/clang -o conftest -I/usr/local/Cellar/ruby/1.9.3-p125/include/ruby-1.9.1/x86_64-darwin11.3.0 -I/usr/local/Cellar/ruby/1.9.3-p125/include/ruby-1.9.1/ruby/backward -I/usr/local/Cellar/ruby/1.9.3-p125/include/ruby-1.9.1 -I. -I/usr/local/Cellar/readline/6.2.2/include -D_XOPEN_SOURCE -D_DARWIN_C_SOURCE  -I/usr/local/Cellar/readline/6.2.2/include -I/usr/include -Os -w -pipe -march=native -Qunused-arguments -fno-common conftest.c  -L. -L/usr/local/Cellar/ruby/1.9.3-p125/lib -L. -L/usr/local/Cellar/readline/6.2.2/lib -L/usr/local/lib -L/usr/lib    -lpq  -lruby.1.9.1 -lpq  -lpthread -ldl -lobjc "
conftest.c:5:53: error: use of undeclared identifier 'PQprepare'
int t() { void ((*volatile p)()); p = (void ((*)()))PQprepare; return 0; }
                                                    ^
1 error generated.
checked program was:
/* begin */
1: #include "ruby.h"
2: 
3: /*top*/
4: int main() {return 0;}
5: int t() { void ((*volatile p)()); p = (void ((*)()))PQprepare; return 0; }
/* end */

"/usr/bin/clang -o conftest -I/usr/local/Cellar/ruby/1.9.3-p125/include/ruby-1.9.1/x86_64-darwin11.3.0 -I/usr/local/Cellar/ruby/1.9.3-p125/include/ruby-1.9.1/ruby/backward -I/usr/local/Cellar/ruby/1.9.3-p125/include/ruby-1.9.1 -I. -I/usr/local/Cellar/readline/6.2.2/include -D_XOPEN_SOURCE -D_DARWIN_C_SOURCE  -I/usr/local/Cellar/readline/6.2.2/include -I/usr/include -Os -w -pipe -march=native -Qunused-arguments -fno-common conftest.c  -L. -L/usr/local/Cellar/ruby/1.9.3-p125/lib -L. -L/usr/local/Cellar/readline/6.2.2/lib -L/usr/local/lib -L/usr/lib    -lpq  -lruby.1.9.1 -lpq  -lpthread -ldl -lobjc "
checked program was:
/* begin */
1: #include "ruby.h"
2: 
3: /*top*/
4: int main() {return 0;}
5: int t() { PQprepare(); return 0; }
/* end */

--------------------

have_func: checking for PQexecParams()... -------------------- yes

"/usr/bin/clang -o conftest -I/usr/local/Cellar/ruby/1.9.3-p125/include/ruby-1.9.1/x86_64-darwin11.3.0 -I/usr/local/Cellar/ruby/1.9.3-p125/include/ruby-1.9.1/ruby/backward -I/usr/local/Cellar/ruby/1.9.3-p125/include/ruby-1.9.1 -I. -I/usr/local/Cellar/readline/6.2.2/include -D_XOPEN_SOURCE -D_DARWIN_C_SOURCE  -I/usr/local/Cellar/readline/6.2.2/include -I/usr/include -Os -w -pipe -march=native -Qunused-arguments -fno-common conftest.c  -L. -L/usr/local/Cellar/ruby/1.9.3-p125/lib -L. -L/usr/local/Cellar/readline/6.2.2/lib -L/usr/local/lib -L/usr/lib    -lpq  -lruby.1.9.1 -lpq  -lpthread -ldl -lobjc "
conftest.c:5:53: error: use of undeclared identifier 'PQexecParams'
int t() { void ((*volatile p)()); p = (void ((*)()))PQexecParams; return 0; }
                                                    ^
1 error generated.
checked program was:
/* begin */
1: #include "ruby.h"
2: 
3: /*top*/
4: int main() {return 0;}
5: int t() { void ((*volatile p)()); p = (void ((*)()))PQexecParams; return 0; }
/* end */

"/usr/bin/clang -o conftest -I/usr/local/Cellar/ruby/1.9.3-p125/include/ruby-1.9.1/x86_64-darwin11.3.0 -I/usr/local/Cellar/ruby/1.9.3-p125/include/ruby-1.9.1/ruby/backward -I/usr/local/Cellar/ruby/1.9.3-p125/include/ruby-1.9.1 -I. -I/usr/local/Cellar/readline/6.2.2/include -D_XOPEN_SOURCE -D_DARWIN_C_SOURCE  -I/usr/local/Cellar/readline/6.2.2/include -I/usr/include -Os -w -pipe -march=native -Qunused-arguments -fno-common conftest.c  -L. -L/usr/local/Cellar/ruby/1.9.3-p125/lib -L. -L/usr/local/Cellar/readline/6.2.2/lib -L/usr/local/lib -L/usr/lib    -lpq  -lruby.1.9.1 -lpq  -lpthread -ldl -lobjc "
checked program was:
/* begin */
1: #include "ruby.h"
2: 
3: /*top*/
4: int main() {return 0;}
5: int t() { PQexecParams(); return 0; }
/* end */

--------------------

have_func: checking for PQescapeString()... -------------------- yes

"/usr/bin/clang -o conftest -I/usr/local/Cellar/ruby/1.9.3-p125/include/ruby-1.9.1/x86_64-darwin11.3.0 -I/usr/local/Cellar/ruby/1.9.3-p125/include/ruby-1.9.1/ruby/backward -I/usr/local/Cellar/ruby/1.9.3-p125/include/ruby-1.9.1 -I. -I/usr/local/Cellar/readline/6.2.2/include -D_XOPEN_SOURCE -D_DARWIN_C_SOURCE  -I/usr/local/Cellar/readline/6.2.2/include -I/usr/include -Os -w -pipe -march=native -Qunused-arguments -fno-common conftest.c  -L. -L/usr/local/Cellar/ruby/1.9.3-p125/lib -L. -L/usr/local/Cellar/readline/6.2.2/lib -L/usr/local/lib -L/usr/lib    -lpq  -lruby.1.9.1 -lpq  -lpthread -ldl -lobjc "
conftest.c:5:53: error: use of undeclared identifier 'PQescapeString'
int t() { void ((*volatile p)()); p = (void ((*)()))PQescapeString; return 0; }
                                                    ^
1 error generated.
checked program was:
/* begin */
1: #include "ruby.h"
2: 
3: /*top*/
4: int main() {return 0;}
5: int t() { void ((*volatile p)()); p = (void ((*)()))PQescapeString; return 0; }
/* end */

"/usr/bin/clang -o conftest -I/usr/local/Cellar/ruby/1.9.3-p125/include/ruby-1.9.1/x86_64-darwin11.3.0 -I/usr/local/Cellar/ruby/1.9.3-p125/include/ruby-1.9.1/ruby/backward -I/usr/local/Cellar/ruby/1.9.3-p125/include/ruby-1.9.1 -I. -I/usr/local/Cellar/readline/6.2.2/include -D_XOPEN_SOURCE -D_DARWIN_C_SOURCE  -I/usr/local/Cellar/readline/6.2.2/include -I/usr/include -Os -w -pipe -march=native -Qunused-arguments -fno-common conftest.c  -L. -L/usr/local/Cellar/ruby/1.9.3-p125/lib -L. -L/usr/local/Cellar/readline/6.2.2/lib -L/usr/local/lib -L/usr/lib    -lpq  -lruby.1.9.1 -lpq  -lpthread -ldl -lobjc "
checked program was:
/* begin */
1: #include "ruby.h"
2: 
3: /*top*/
4: int main() {return 0;}
5: int t() { PQescapeString(); return 0; }
/* end */

--------------------

have_func: checking for PQescapeStringConn()... -------------------- yes

"/usr/bin/clang -o conftest -I/usr/local/Cellar/ruby/1.9.3-p125/include/ruby-1.9.1/x86_64-darwin11.3.0 -I/usr/local/Cellar/ruby/1.9.3-p125/include/ruby-1.9.1/ruby/backward -I/usr/local/Cellar/ruby/1.9.3-p125/include/ruby-1.9.1 -I. -I/usr/local/Cellar/readline/6.2.2/include -D_XOPEN_SOURCE -D_DARWIN_C_SOURCE  -I/usr/local/Cellar/readline/6.2.2/include -I/usr/include -Os -w -pipe -march=native -Qunused-arguments -fno-common conftest.c  -L. -L/usr/local/Cellar/ruby/1.9.3-p125/lib -L. -L/usr/local/Cellar/readline/6.2.2/lib -L/usr/local/lib -L/usr/lib    -lpq  -lruby.1.9.1 -lpq  -lpthread -ldl -lobjc "
conftest.c:5:53: error: use of undeclared identifier 'PQescapeStringConn'
int t() { void ((*volatile p)()); p = (void ((*)()))PQescapeStringConn; return 0; }
                                                    ^
1 error generated.
checked program was:
/* begin */
1: #include "ruby.h"
2: 
3: /*top*/
4: int main() {return 0;}
5: int t() { void ((*volatile p)()); p = (void ((*)()))PQescapeStringConn; return 0; }
/* end */

"/usr/bin/clang -o conftest -I/usr/local/Cellar/ruby/1.9.3-p125/include/ruby-1.9.1/x86_64-darwin11.3.0 -I/usr/local/Cellar/ruby/1.9.3-p125/include/ruby-1.9.1/ruby/backward -I/usr/local/Cellar/ruby/1.9.3-p125/include/ruby-1.9.1 -I. -I/usr/local/Cellar/readline/6.2.2/include -D_XOPEN_SOURCE -D_DARWIN_C_SOURCE  -I/usr/local/Cellar/readline/6.2.2/include -I/usr/include -Os -w -pipe -march=native -Qunused-arguments -fno-common conftest.c  -L. -L/usr/local/Cellar/ruby/1.9.3-p125/lib -L. -L/usr/local/Cellar/readline/6.2.2/lib -L/usr/local/lib -L/usr/lib    -lpq  -lruby.1.9.1 -lpq  -lpthread -ldl -lobjc "
checked program was:
/* begin */
1: #include "ruby.h"
2: 
3: /*top*/
4: int main() {return 0;}
5: int t() { PQescapeStringConn(); return 0; }
/* end */

--------------------

have_func: checking for PQgetCancel()... -------------------- yes

"/usr/bin/clang -o conftest -I/usr/local/Cellar/ruby/1.9.3-p125/include/ruby-1.9.1/x86_64-darwin11.3.0 -I/usr/local/Cellar/ruby/1.9.3-p125/include/ruby-1.9.1/ruby/backward -I/usr/local/Cellar/ruby/1.9.3-p125/include/ruby-1.9.1 -I. -I/usr/local/Cellar/readline/6.2.2/include -D_XOPEN_SOURCE -D_DARWIN_C_SOURCE  -I/usr/local/Cellar/readline/6.2.2/include -I/usr/include -Os -w -pipe -march=native -Qunused-arguments -fno-common conftest.c  -L. -L/usr/local/Cellar/ruby/1.9.3-p125/lib -L. -L/usr/local/Cellar/readline/6.2.2/lib -L/usr/local/lib -L/usr/lib    -lpq  -lruby.1.9.1 -lpq  -lpthread -ldl -lobjc "
conftest.c:5:53: error: use of undeclared identifier 'PQgetCancel'
int t() { void ((*volatile p)()); p = (void ((*)()))PQgetCancel; return 0; }
                                                    ^
1 error generated.
checked program was:
/* begin */
1: #include "ruby.h"
2: 
3: /*top*/
4: int main() {return 0;}
5: int t() { void ((*volatile p)()); p = (void ((*)()))PQgetCancel; return 0; }
/* end */

"/usr/bin/clang -o conftest -I/usr/local/Cellar/ruby/1.9.3-p125/include/ruby-1.9.1/x86_64-darwin11.3.0 -I/usr/local/Cellar/ruby/1.9.3-p125/include/ruby-1.9.1/ruby/backward -I/usr/local/Cellar/ruby/1.9.3-p125/include/ruby-1.9.1 -I. -I/usr/local/Cellar/readline/6.2.2/include -D_XOPEN_SOURCE -D_DARWIN_C_SOURCE  -I/usr/local/Cellar/readline/6.2.2/include -I/usr/include -Os -w -pipe -march=native -Qunused-arguments -fno-common conftest.c  -L. -L/usr/local/Cellar/ruby/1.9.3-p125/lib -L. -L/usr/local/Cellar/readline/6.2.2/lib -L/usr/local/lib -L/usr/lib    -lpq  -lruby.1.9.1 -lpq  -lpthread -ldl -lobjc "
checked program was:
/* begin */
1: #include "ruby.h"
2: 
3: /*top*/
4: int main() {return 0;}
5: int t() { PQgetCancel(); return 0; }
/* end */

--------------------

have_func: checking for lo_create()... -------------------- yes

"/usr/bin/clang -o conftest -I/usr/local/Cellar/ruby/1.9.3-p125/include/ruby-1.9.1/x86_64-darwin11.3.0 -I/usr/local/Cellar/ruby/1.9.3-p125/include/ruby-1.9.1/ruby/backward -I/usr/local/Cellar/ruby/1.9.3-p125/include/ruby-1.9.1 -I. -I/usr/local/Cellar/readline/6.2.2/include -D_XOPEN_SOURCE -D_DARWIN_C_SOURCE  -I/usr/local/Cellar/readline/6.2.2/include -I/usr/include -Os -w -pipe -march=native -Qunused-arguments -fno-common conftest.c  -L. -L/usr/local/Cellar/ruby/1.9.3-p125/lib -L. -L/usr/local/Cellar/readline/6.2.2/lib -L/usr/local/lib -L/usr/lib    -lpq  -lruby.1.9.1 -lpq  -lpthread -ldl -lobjc "
conftest.c:5:53: error: use of undeclared identifier 'lo_create'
int t() { void ((*volatile p)()); p = (void ((*)()))lo_create; return 0; }
                                                    ^
1 error generated.
checked program was:
/* begin */
1: #include "ruby.h"
2: 
3: /*top*/
4: int main() {return 0;}
5: int t() { void ((*volatile p)()); p = (void ((*)()))lo_create; return 0; }
/* end */

"/usr/bin/clang -o conftest -I/usr/local/Cellar/ruby/1.9.3-p125/include/ruby-1.9.1/x86_64-darwin11.3.0 -I/usr/local/Cellar/ruby/1.9.3-p125/include/ruby-1.9.1/ruby/backward -I/usr/local/Cellar/ruby/1.9.3-p125/include/ruby-1.9.1 -I. -I/usr/local/Cellar/readline/6.2.2/include -D_XOPEN_SOURCE -D_DARWIN_C_SOURCE  -I/usr/local/Cellar/readline/6.2.2/include -I/usr/include -Os -w -pipe -march=native -Qunused-arguments -fno-common conftest.c  -L. -L/usr/local/Cellar/ruby/1.9.3-p125/lib -L. -L/usr/local/Cellar/readline/6.2.2/lib -L/usr/local/lib -L/usr/lib    -lpq  -lruby.1.9.1 -lpq  -lpthread -ldl -lobjc "
checked program was:
/* begin */
1: #include "ruby.h"
2: 
3: /*top*/
4: int main() {return 0;}
5: int t() { lo_create(); return 0; }
/* end */

--------------------

have_func: checking for pg_encoding_to_char()... -------------------- yes

"/usr/bin/clang -o conftest -I/usr/local/Cellar/ruby/1.9.3-p125/include/ruby-1.9.1/x86_64-darwin11.3.0 -I/usr/local/Cellar/ruby/1.9.3-p125/include/ruby-1.9.1/ruby/backward -I/usr/local/Cellar/ruby/1.9.3-p125/include/ruby-1.9.1 -I. -I/usr/local/Cellar/readline/6.2.2/include -D_XOPEN_SOURCE -D_DARWIN_C_SOURCE  -I/usr/local/Cellar/readline/6.2.2/include -I/usr/include -Os -w -pipe -march=native -Qunused-arguments -fno-common conftest.c  -L. -L/usr/local/Cellar/ruby/1.9.3-p125/lib -L. -L/usr/local/Cellar/readline/6.2.2/lib -L/usr/local/lib -L/usr/lib    -lpq  -lruby.1.9.1 -lpq  -lpthread -ldl -lobjc "
conftest.c:5:53: error: use of undeclared identifier 'pg_encoding_to_char'
int t() { void ((*volatile p)()); p = (void ((*)()))pg_encoding_to_char; return 0; }
                                                    ^
1 error generated.
checked program was:
/* begin */
1: #include "ruby.h"
2: 
3: /*top*/
4: int main() {return 0;}
5: int t() { void ((*volatile p)()); p = (void ((*)()))pg_encoding_to_char; return 0; }
/* end */

"/usr/bin/clang -o conftest -I/usr/local/Cellar/ruby/1.9.3-p125/include/ruby-1.9.1/x86_64-darwin11.3.0 -I/usr/local/Cellar/ruby/1.9.3-p125/include/ruby-1.9.1/ruby/backward -I/usr/local/Cellar/ruby/1.9.3-p125/include/ruby-1.9.1 -I. -I/usr/local/Cellar/readline/6.2.2/include -D_XOPEN_SOURCE -D_DARWIN_C_SOURCE  -I/usr/local/Cellar/readline/6.2.2/include -I/usr/include -Os -w -pipe -march=native -Qunused-arguments -fno-common conftest.c  -L. -L/usr/local/Cellar/ruby/1.9.3-p125/lib -L. -L/usr/local/Cellar/readline/6.2.2/lib -L/usr/local/lib -L/usr/lib    -lpq  -lruby.1.9.1 -lpq  -lpthread -ldl -lobjc "
checked program was:
/* begin */
1: #include "ruby.h"
2: 
3: /*top*/
4: int main() {return 0;}
5: int t() { pg_encoding_to_char(); return 0; }
/* end */

--------------------

have_func: checking for pg_char_to_encoding()... -------------------- yes

"/usr/bin/clang -o conftest -I/usr/local/Cellar/ruby/1.9.3-p125/include/ruby-1.9.1/x86_64-darwin11.3.0 -I/usr/local/Cellar/ruby/1.9.3-p125/include/ruby-1.9.1/ruby/backward -I/usr/local/Cellar/ruby/1.9.3-p125/include/ruby-1.9.1 -I. -I/usr/local/Cellar/readline/6.2.2/include -D_XOPEN_SOURCE -D_DARWIN_C_SOURCE  -I/usr/local/Cellar/readline/6.2.2/include -I/usr/include -Os -w -pipe -march=native -Qunused-arguments -fno-common conftest.c  -L. -L/usr/local/Cellar/ruby/1.9.3-p125/lib -L. -L/usr/local/Cellar/readline/6.2.2/lib -L/usr/local/lib -L/usr/lib    -lpq  -lruby.1.9.1 -lpq  -lpthread -ldl -lobjc "
conftest.c:5:53: error: use of undeclared identifier 'pg_char_to_encoding'
int t() { void ((*volatile p)()); p = (void ((*)()))pg_char_to_encoding; return 0; }
                                                    ^
1 error generated.
checked program was:
/* begin */
1: #include "ruby.h"
2: 
3: /*top*/
4: int main() {return 0;}
5: int t() { void ((*volatile p)()); p = (void ((*)()))pg_char_to_encoding; return 0; }
/* end */

"/usr/bin/clang -o conftest -I/usr/local/Cellar/ruby/1.9.3-p125/include/ruby-1.9.1/x86_64-darwin11.3.0 -I/usr/local/Cellar/ruby/1.9.3-p125/include/ruby-1.9.1/ruby/backward -I/usr/local/Cellar/ruby/1.9.3-p125/include/ruby-1.9.1 -I. -I/usr/local/Cellar/readline/6.2.2/include -D_XOPEN_SOURCE -D_DARWIN_C_SOURCE  -I/usr/local/Cellar/readline/6.2.2/include -I/usr/include -Os -w -pipe -march=native -Qunused-arguments -fno-common conftest.c  -L. -L/usr/local/Cellar/ruby/1.9.3-p125/lib -L. -L/usr/local/Cellar/readline/6.2.2/lib -L/usr/local/lib -L/usr/lib    -lpq  -lruby.1.9.1 -lpq  -lpthread -ldl -lobjc "
checked program was:
/* begin */
1: #include "ruby.h"
2: 
3: /*top*/
4: int main() {return 0;}
5: int t() { pg_char_to_encoding(); return 0; }
/* end */

--------------------

have_func: checking for PQsetClientEncoding()... -------------------- yes

"/usr/bin/clang -o conftest -I/usr/local/Cellar/ruby/1.9.3-p125/include/ruby-1.9.1/x86_64-darwin11.3.0 -I/usr/local/Cellar/ruby/1.9.3-p125/include/ruby-1.9.1/ruby/backward -I/usr/local/Cellar/ruby/1.9.3-p125/include/ruby-1.9.1 -I. -I/usr/local/Cellar/readline/6.2.2/include -D_XOPEN_SOURCE -D_DARWIN_C_SOURCE  -I/usr/local/Cellar/readline/6.2.2/include -I/usr/include -Os -w -pipe -march=native -Qunused-arguments -fno-common conftest.c  -L. -L/usr/local/Cellar/ruby/1.9.3-p125/lib -L. -L/usr/local/Cellar/readline/6.2.2/lib -L/usr/local/lib -L/usr/lib    -lpq  -lruby.1.9.1 -lpq  -lpthread -ldl -lobjc "
conftest.c:5:53: error: use of undeclared identifier 'PQsetClientEncoding'
int t() { void ((*volatile p)()); p = (void ((*)()))PQsetClientEncoding; return 0; }
                                                    ^
1 error generated.
checked program was:
/* begin */
1: #include "ruby.h"
2: 
3: /*top*/
4: int main() {return 0;}
5: int t() { void ((*volatile p)()); p = (void ((*)()))PQsetClientEncoding; return 0; }
/* end */

"/usr/bin/clang -o conftest -I/usr/local/Cellar/ruby/1.9.3-p125/include/ruby-1.9.1/x86_64-darwin11.3.0 -I/usr/local/Cellar/ruby/1.9.3-p125/include/ruby-1.9.1/ruby/backward -I/usr/local/Cellar/ruby/1.9.3-p125/include/ruby-1.9.1 -I. -I/usr/local/Cellar/readline/6.2.2/include -D_XOPEN_SOURCE -D_DARWIN_C_SOURCE  -I/usr/local/Cellar/readline/6.2.2/include -I/usr/include -Os -w -pipe -march=native -Qunused-arguments -fno-common conftest.c  -L. -L/usr/local/Cellar/ruby/1.9.3-p125/lib -L. -L/usr/local/Cellar/readline/6.2.2/lib -L/usr/local/lib -L/usr/lib    -lpq  -lruby.1.9.1 -lpq  -lpthread -ldl -lobjc "
checked program was:
/* begin */
1: #include "ruby.h"
2: 
3: /*top*/
4: int main() {return 0;}
5: int t() { PQsetClientEncoding(); return 0; }
/* end */

--------------------

have_func: checking for rb_encdb_alias()... -------------------- yes

"/usr/bin/clang -o conftest -I/usr/local/Cellar/ruby/1.9.3-p125/include/ruby-1.9.1/x86_64-darwin11.3.0 -I/usr/local/Cellar/ruby/1.9.3-p125/include/ruby-1.9.1/ruby/backward -I/usr/local/Cellar/ruby/1.9.3-p125/include/ruby-1.9.1 -I. -I/usr/local/Cellar/readline/6.2.2/include -D_XOPEN_SOURCE -D_DARWIN_C_SOURCE  -I/usr/local/Cellar/readline/6.2.2/include -I/usr/include -Os -w -pipe -march=native -Qunused-arguments -fno-common conftest.c  -L. -L/usr/local/Cellar/ruby/1.9.3-p125/lib -L. -L/usr/local/Cellar/readline/6.2.2/lib -L/usr/local/lib -L/usr/lib    -lpq  -lruby.1.9.1 -lpq  -lpthread -ldl -lobjc "
conftest.c:5:53: error: use of undeclared identifier 'rb_encdb_alias'
int t() { void ((*volatile p)()); p = (void ((*)()))rb_encdb_alias; return 0; }
                                                    ^
1 error generated.
checked program was:
/* begin */
1: #include "ruby.h"
2: 
3: /*top*/
4: int main() {return 0;}
5: int t() { void ((*volatile p)()); p = (void ((*)()))rb_encdb_alias; return 0; }
/* end */

"/usr/bin/clang -o conftest -I/usr/local/Cellar/ruby/1.9.3-p125/include/ruby-1.9.1/x86_64-darwin11.3.0 -I/usr/local/Cellar/ruby/1.9.3-p125/include/ruby-1.9.1/ruby/backward -I/usr/local/Cellar/ruby/1.9.3-p125/include/ruby-1.9.1 -I. -I/usr/local/Cellar/readline/6.2.2/include -D_XOPEN_SOURCE -D_DARWIN_C_SOURCE  -I/usr/local/Cellar/readline/6.2.2/include -I/usr/include -Os -w -pipe -march=native -Qunused-arguments -fno-common conftest.c  -L. -L/usr/local/Cellar/ruby/1.9.3-p125/lib -L. -L/usr/local/Cellar/readline/6.2.2/lib -L/usr/local/lib -L/usr/lib    -lpq  -lruby.1.9.1 -lpq  -lpthread -ldl -lobjc "
checked program was:
/* begin */
1: #include "ruby.h"
2: 
3: /*top*/
4: int main() {return 0;}
5: int t() { rb_encdb_alias(); return 0; }
/* end */

--------------------

have_func: checking for rb_enc_alias()... -------------------- no

"/usr/bin/clang -o conftest -I/usr/local/Cellar/ruby/1.9.3-p125/include/ruby-1.9.1/x86_64-darwin11.3.0 -I/usr/local/Cellar/ruby/1.9.3-p125/include/ruby-1.9.1/ruby/backward -I/usr/local/Cellar/ruby/1.9.3-p125/include/ruby-1.9.1 -I. -I/usr/local/Cellar/readline/6.2.2/include -D_XOPEN_SOURCE -D_DARWIN_C_SOURCE  -I/usr/local/Cellar/readline/6.2.2/include -I/usr/include -Os -w -pipe -march=native -Qunused-arguments -fno-common conftest.c  -L. -L/usr/local/Cellar/ruby/1.9.3-p125/lib -L. -L/usr/local/Cellar/readline/6.2.2/lib -L/usr/local/lib -L/usr/lib    -lpq  -lruby.1.9.1 -lpq  -lpthread -ldl -lobjc "
conftest.c:5:53: error: use of undeclared identifier 'rb_enc_alias'
int t() { void ((*volatile p)()); p = (void ((*)()))rb_enc_alias; return 0; }
                                                    ^
1 error generated.
checked program was:
/* begin */
1: #include "ruby.h"
2: 
3: /*top*/
4: int main() {return 0;}
5: int t() { void ((*volatile p)()); p = (void ((*)()))rb_enc_alias; return 0; }
/* end */

"/usr/bin/clang -o conftest -I/usr/local/Cellar/ruby/1.9.3-p125/include/ruby-1.9.1/x86_64-darwin11.3.0 -I/usr/local/Cellar/ruby/1.9.3-p125/include/ruby-1.9.1/ruby/backward -I/usr/local/Cellar/ruby/1.9.3-p125/include/ruby-1.9.1 -I. -I/usr/local/Cellar/readline/6.2.2/include -D_XOPEN_SOURCE -D_DARWIN_C_SOURCE  -I/usr/local/Cellar/readline/6.2.2/include -I/usr/include -Os -w -pipe -march=native -Qunused-arguments -fno-common conftest.c  -L. -L/usr/local/Cellar/ruby/1.9.3-p125/lib -L. -L/usr/local/Cellar/readline/6.2.2/lib -L/usr/local/lib -L/usr/lib    -lpq  -lruby.1.9.1 -lpq  -lpthread -ldl -lobjc "
Undefined symbols for architecture x86_64:
  "_rb_enc_alias", referenced from:
      _t in conftest-VCGgeM.o
ld: symbol(s) not found for architecture x86_64
clang: error: linker command failed with exit code 1 (use -v to see invocation)
checked program was:
/* begin */
1: #include "ruby.h"
2: 
3: /*top*/
4: int main() {return 0;}
5: int t() { rb_enc_alias(); return 0; }
/* end */

--------------------

have_struct_member: checking for struct pgNotify.extra in libpq-fe.h... -------------------- yes

"/usr/bin/clang -I/usr/local/Cellar/ruby/1.9.3-p125/include/ruby-1.9.1/x86_64-darwin11.3.0 -I/usr/local/Cellar/ruby/1.9.3-p125/include/ruby-1.9.1/ruby/backward -I/usr/local/Cellar/ruby/1.9.3-p125/include/ruby-1.9.1 -I. -I/usr/local/Cellar/readline/6.2.2/include -D_XOPEN_SOURCE -D_DARWIN_C_SOURCE  -I/usr/local/Cellar/readline/6.2.2/include -I/usr/include -Os -w -pipe -march=native -Qunused-arguments -fno-common   -c conftest.c"
checked program was:
/* begin */
1: #include "ruby.h"
2: 
3: #include <libpq-fe.h>
4: 
5: /*top*/
6: int main() {return 0;}
7: int s = (char *)&((struct pgNotify*)0)->extra - (char *)0;
/* end */

--------------------

have_header: checking for unistd.h... -------------------- yes

"/usr/bin/clang -E -I/usr/local/Cellar/ruby/1.9.3-p125/include/ruby-1.9.1/x86_64-darwin11.3.0 -I/usr/local/Cellar/ruby/1.9.3-p125/include/ruby-1.9.1/ruby/backward -I/usr/local/Cellar/ruby/1.9.3-p125/include/ruby-1.9.1 -I. -I/usr/local/Cellar/readline/6.2.2/include -D_XOPEN_SOURCE -D_DARWIN_C_SOURCE  -I/usr/local/Cellar/readline/6.2.2/include -I/usr/include -Os -w -pipe -march=native -Qunused-arguments -fno-common  conftest.c -o conftest.i"
checked program was:
/* begin */
1: #include "ruby.h"
2: 
3: #include <unistd.h>
/* end */

--------------------

have_header: checking for ruby/st.h... -------------------- yes

"/usr/bin/clang -E -I/usr/local/Cellar/ruby/1.9.3-p125/include/ruby-1.9.1/x86_64-darwin11.3.0 -I/usr/local/Cellar/ruby/1.9.3-p125/include/ruby-1.9.1/ruby/backward -I/usr/local/Cellar/ruby/1.9.3-p125/include/ruby-1.9.1 -I. -I/usr/local/Cellar/readline/6.2.2/include -D_XOPEN_SOURCE -D_DARWIN_C_SOURCE  -I/usr/local/Cellar/readline/6.2.2/include -I/usr/include -Os -w -pipe -march=native -Qunused-arguments -fno-common  conftest.c -o conftest.i"
checked program was:
/* begin */
1: #include "ruby.h"
2: 
3: #include <ruby/st.h>
/* end */

--------------------

